14.3336 	WARNING 	User requested fullscreen with size [800 600], but screen is actually [1366, 768]. Using actual size
17.9796 	WARNING 	TextStim.alignHoriz is deprecated. Use alignText and anchorHoriz attributes instead
17.9808 	WARNING 	TextStim.alignHoriz is deprecated. Use alignText and anchorHoriz attributes instead
17.9820 	WARNING 	TextStim.alignHoriz is deprecated. Use alignText and anchorHoriz attributes instead
17.9831 	WARNING 	TextStim.alignHoriz is deprecated. Use alignText and anchorHoriz attributes instead
17.9856 	WARNING 	TextStim.alignHoriz is deprecated. Use alignText and anchorHoriz attributes instead
0.0003 	DATA 	START
7.8118 	DATA 	Keypress: s
8.0111 	DATA 	Displaying Round 1 label
9.8273 	DATA 	Keypress: s
10.0270 	DATA 	Starting Round 1
12.8317 	DATA 	round 1 - trial 0 - throw: 1to2 - FBALL
13.5912 	DATA 	PLAYER HAS BALL
16.1723 	DATA 	Keypress: 2
16.1791 	DATA 	PLAYER THROWS TO 1 - RT 2.5879
16.1792 	DATA 	round 1 - trial 1 - throw: 2to1 - FBALL
20.2353 	DATA 	round 1 - trial 2 - throw: 1to3 - FBALL
23.1874 	DATA 	round 1 - trial 3 - throw: 3to1 - FBALL
25.1820 	DATA 	round 1 - trial 4 - throw: 1to3 - FBALL
27.9302 	DATA 	round 1 - trial 5 - throw: 3to1 - FBALL
28.0880 	DATA 	Keypress: x
30.0062 	DATA 	round 1 - trial 6 - throw: 1to2 - FBALL
30.7293 	DATA 	PLAYER HAS BALL
36.1773 	DATA 	Keypress: 3
36.1820 	DATA 	PLAYER THROWS TO 3 - RT 5.4526
36.1820 	DATA 	round 1 - trial 7 - throw: 2to3 - FBALL
39.7109 	DATA 	round 1 - trial 8 - throw: 3to2 - FBALL
40.4424 	DATA 	PLAYER HAS BALL
71.2944 	DATA 	Keypress: 5
71.6229 	DATA 	Keypress: 4
72.1503 	DATA 	Keypress: 2
72.1550 	DATA 	PLAYER THROWS TO 1 - RT 31.7125
72.1551 	DATA 	round 1 - trial 9 - throw: 2to1 - FBALL
75.9566 	DATA 	round 1 - trial 10 - throw: 1to2 - FBALL
76.6755 	DATA 	PLAYER HAS BALL
81.6924 	DATA 	Displaying Round 2 label
83.6999 	DATA 	Starting Round 2
98.0174 	DATA 	Keypress: s
98.0178 	DATA 	Keypress: s
98.0180 	DATA 	Keypress: s
98.0183 	DATA 	Keypress: s
98.2171 	DATA 	END
